\BOOKMARK [0][]{Doc-Start}{Abstract}{}% 1
\BOOKMARK [0][]{Contents.0}{Contents}{}% 2
\BOOKMARK [0][]{chapter.1}{1 Introduction}{}% 3
\BOOKMARK [1][-]{section.1.1}{1.1 Cognitive Radio Network}{chapter.1}% 4
\BOOKMARK [2][-]{subsection.1.1.1}{1.1.1 Functionalities of Cognitive Radio}{section.1.1}% 5
\BOOKMARK [2][-]{subsection.1.1.2}{1.1.2 Spectrum Sharing in CRN}{section.1.1}% 6
\BOOKMARK [1][-]{section.1.2}{1.2 Game Theory and CRN}{chapter.1}% 7
\BOOKMARK [2][-]{subsection.1.2.1}{1.2.1 Application of Game Theory in CRN}{section.1.2}% 8
\BOOKMARK [2][-]{subsection.1.2.2}{1.2.2 Representative Cognitive Radio Networks}{section.1.2}% 9
\BOOKMARK [1][-]{section.1.3}{1.3 Problem Statement and Research Scope}{chapter.1}% 10
\BOOKMARK [2][-]{subsection.1.3.1}{1.3.1 Research Questions}{section.1.3}% 11
\BOOKMARK [2][-]{subsection.1.3.2}{1.3.2 Research Scope}{section.1.3}% 12
\BOOKMARK [1][-]{section.1.4}{1.4 Outline}{chapter.1}% 13
\BOOKMARK [0][]{chapter.2}{2 Background}{}% 14
\BOOKMARK [1][-]{section.2.1}{2.1 Introduction of Game}{chapter.2}% 15
\BOOKMARK [2][-]{subsection.2.1.1}{2.1.1 Basic Solution Concepts}{section.2.1}% 16
\BOOKMARK [1][-]{section.2.2}{2.2 Congestion Game}{chapter.2}% 17
\BOOKMARK [2][-]{subsection.2.2.1}{2.2.1 Convergence Time Towards Nash Equilibrium}{section.2.2}% 18
\BOOKMARK [2][-]{subsection.2.2.2}{2.2.2 Singleton Congestion Game}{section.2.2}% 19
\BOOKMARK [2][-]{subsection.2.2.3}{2.2.3 Variants of Congestion Game}{section.2.2}% 20
\BOOKMARK [1][-]{section.2.3}{2.3 Optimization}{chapter.2}% 21
\BOOKMARK [2][-]{subsection.2.3.1}{2.3.1 Decomposition Methods}{section.2.3}% 22
\BOOKMARK [0][]{chapter.3}{3 Congestion Game in Spectrum Allocation}{}% 23
\BOOKMARK [1][-]{section.3.1}{3.1 Introduction}{chapter.3}% 24
\BOOKMARK [1][-]{section.3.2}{3.2 System Model and Problem Statement}{chapter.3}% 25
\BOOKMARK [2][-]{subsection.3.2.1}{3.2.1 Problem Statement}{section.3.2}% 26
\BOOKMARK [1][-]{section.3.3}{3.3 Problem Decomposition and Related Works}{chapter.3}% 27
\BOOKMARK [2][-]{subsection.3.3.1}{3.3.1 Problem Decomposition}{section.3.3}% 28
\BOOKMARK [2][-]{subsection.3.3.2}{3.3.2 Resource Allocation in CRN}{section.3.3}% 29
\BOOKMARK [2][-]{subsection.3.3.3}{3.3.3 Utilization of TV White Space}{section.3.3}% 30
\BOOKMARK [1][-]{section.3.4}{3.4 The Maximum Permitted Transmission Power}{chapter.3}% 31
\BOOKMARK [1][-]{section.3.5}{3.5 Channel Allocation with Fixed Transmission Power}{chapter.3}% 32
\BOOKMARK [2][-]{subsection.3.5.1}{3.5.1 Centralized optimization programming}{section.3.5}% 33
\BOOKMARK [2][-]{subsection.3.5.2}{3.5.2 Distributed White Space Channel Allocation \(WitheCat\): Algorithm and Protocol}{section.3.5}% 34
\BOOKMARK [2][-]{subsection.3.5.3}{3.5.3 Analysis in game theoretical framework}{section.3.5}% 35
\BOOKMARK [1][-]{section.3.6}{3.6 Variable transmission power after channel allocation}{chapter.3}% 36
\BOOKMARK [1][-]{section.3.7}{3.7 Joint Channel and Power Allocation}{chapter.3}% 37
\BOOKMARK [2][-]{subsection.3.7.1}{3.7.1 Centralized optimization}{section.3.7}% 38
\BOOKMARK [1][-]{section.3.8}{3.8 Performance Evaluation}{chapter.3}% 39
\BOOKMARK [2][-]{subsection.3.8.1}{3.8.1 Maximal Permitted Power Decision and the Distributed Channel Allocation Schemes}{section.3.8}% 40
\BOOKMARK [2][-]{subsection.3.8.2}{3.8.2 Performance of Joint Power and Channel Allocation}{section.3.8}% 41
\BOOKMARK [1][-]{section.3.9}{3.9 Conclusions}{chapter.3}% 42
\BOOKMARK [0][]{chapter.4}{4 Congestion Game in Cluster Membership Assignment}{}% 43
\BOOKMARK [1][-]{section.4.1}{4.1 Introduction}{chapter.4}% 44
\BOOKMARK [1][-]{section.4.2}{4.2 Related Work}{chapter.4}% 45
\BOOKMARK [1][-]{section.4.3}{4.3 System Model}{chapter.4}% 46
\BOOKMARK [2][-]{subsection.4.3.1}{4.3.1 Clustering}{section.4.3}% 47
\BOOKMARK [1][-]{section.4.4}{4.4 Distributed Coordination Framework: Clustering Algorithm}{chapter.4}% 48
\BOOKMARK [2][-]{subsection.4.4.1}{4.4.1 Phase I - Cluster Formation}{section.4.4}% 49
\BOOKMARK [2][-]{subsection.4.4.2}{4.4.2 Phase II - Membership Clarification}{section.4.4}% 50
\BOOKMARK [1][-]{section.4.5}{4.5 Centralized Clustering Scheme}{chapter.4}% 51
\BOOKMARK [2][-]{subsection.4.5.1}{4.5.1 Centralized Optimization}{section.4.5}% 52
\BOOKMARK [1][-]{section.4.6}{4.6 Performance Evaluation}{chapter.4}% 53
\BOOKMARK [2][-]{subsection.4.6.1}{4.6.1 Centralized Schemes vs. Decentralized Schemes}{section.4.6}% 54
\BOOKMARK [2][-]{subsection.4.6.2}{4.6.2 Comparison between Distributed Schemes}{section.4.6}% 55
\BOOKMARK [1][-]{section.4.7}{4.7 Conclusions}{chapter.4}% 56
\BOOKMARK [0][]{chapter.5}{5 Decentralized Virtual Coordinate Assignment and Routing}{}% 57
\BOOKMARK [1][-]{section.5.1}{5.1 Introduction}{chapter.5}% 58
\BOOKMARK [1][-]{section.5.2}{5.2 Related Work}{chapter.5}% 59
\BOOKMARK [1][-]{section.5.3}{5.3 System Model}{chapter.5}% 60
\BOOKMARK [1][-]{section.5.4}{5.4 Spectrum Aware Virtual Coordinates}{chapter.5}% 61
\BOOKMARK [2][-]{subsection.5.4.1}{5.4.1 Assign Spectrum Aware Virtual Coordinate}{section.5.4}% 62
\BOOKMARK [2][-]{subsection.5.4.2}{5.4.2 Normalized Spectrum Availability on Secondary Users}{section.5.4}% 63
\BOOKMARK [2][-]{subsection.5.4.3}{5.4.3 Normalized Longest Blocking Time on Secondary Users}{section.5.4}% 64
\BOOKMARK [1][-]{section.5.5}{5.5 Geographic Routing and Opportunistic Spectrum Access}{chapter.5}% 65
\BOOKMARK [1][-]{section.5.6}{5.6 Performance Evaluation}{chapter.5}% 66
\BOOKMARK [2][-]{subsection.5.6.1}{5.6.1 Simulation Setup}{section.5.6}% 67
\BOOKMARK [2][-]{subsection.5.6.2}{5.6.2 Success Rate of Geographic Routing on Finding Path}{section.5.6}% 68
\BOOKMARK [2][-]{subsection.5.6.3}{5.6.3 Routing Performance}{section.5.6}% 69
\BOOKMARK [2][-]{subsection.5.6.4}{5.6.4 Sensitivity of SAViC to Estimation Errors}{section.5.6}% 70
\BOOKMARK [1][-]{section.5.7}{5.7 Conclusions}{chapter.5}% 71
\BOOKMARK [0][]{chapter.6}{6 Conclusion and Future Work}{}% 72
\BOOKMARK [1][-]{section.6.1}{6.1 Contribution}{chapter.6}% 73
\BOOKMARK [1][-]{section.6.2}{6.2 Future Work}{chapter.6}% 74
\BOOKMARK [0][]{chapter.7}{7 Appendix}{}% 75
\BOOKMARK [0][]{.1.A}{ A Proof of Theorem 3.5.1}{}% 76
\BOOKMARK [0][]{.1.B}{ B Deviation of Problem 3.11}{}% 77
\BOOKMARK [0][]{section*.23}{Bibliography}{}% 78
\BOOKMARK [0][]{section*.23}{List of Figures}{}% 79
\BOOKMARK [0][]{section*.23}{List of Tables}{}% 80
\BOOKMARK [0][]{section*.23}{Glossary}{}% 81
